<?xml version="1.0" encoding="UTF-8" ?>
<testsuite tests="3" failures="1" name="ch.globaz.tmmas.rechercheservice.application.PersonnesControllerTest" time="6.845" errors="0" skipped="0">
  <properties>
[...]
</properties>
  <testcase classname="ch.globaz.tmmas.rechercheservice.application.PersonnesControllerTest" name="should index document" time="6.256"/>
  <testcase classname="ch.globaz.tmmas.rechercheservice.application.PersonnesControllerTest" name="should find indexed document" time="0.355"/>
  <testcase classname="ch.globaz.tmmas.rechercheservice.application.PersonnesControllerTest" name="should find indexed document with fuzzy" time="0.234">
    <failure message="Condition failed with Exception:

response.body[1].adresse.rue == &apos;Eglise&apos;
|        |   |   |
|        |   |   java.lang.NullPointerException: Cannot get property &apos;adresse&apos; on null object
|        |   null
|        [[adresse:[rue:Eglise, numero:71, complementNumero:, npa:2854, localite:Bassecourt], prenom:Sébastien, nom:Chèvre, email:seb.chevre@horizon.com, emailProfessionel:toto@globaz.ch, username:sce, password:fM8e57Jl, sexe:HOMME, noTelephone:0041798765653, dateNaissance:1978-09-11, employeur:[nom:Globaz S.A., email:info@globaz.ch, url:http://www.globaz.ch, ide:CHE-102.360.639], nss:756.1234.5678.90]]
&lt;200,[{adresse={rue=Eglise, numero=71, complementNumero=, npa=2854, localite=Bassecourt}, prenom=Sébastien, nom=Chèvre, email=seb.chevre@horizon.com, emailProfessionel=toto@globaz.ch, username=sce, password=fM8e57Jl, sexe=HOMME, noTelephone=0041798765653, dateNaissance=1978-09-11, employeur={nom=Globaz S.A., email=info@globaz.ch, url=http://www.globaz.ch, ide=CHE-102.360.639}, nss=756.1234.5678.90}],{Content-Type=[application/json;charset=UTF-8], Transfer-Encoding=[chunked], Date=[Thu, 16 Aug 2018 08:10:08 GMT]}&gt;
" type="Condition failed with Exception">Condition failed with Exception:

response.body[1].adresse.rue == &apos;Eglise&apos;
|        |   |   |
|        |   |   java.lang.NullPointerException: Cannot get property &apos;adresse&apos; on null object
|        |   null
|        [[adresse:[rue:Eglise, numero:71, complementNumero:, npa:2854, localite:Bassecourt], prenom:Sébastien, nom:Chèvre, email:seb.chevre@horizon.com, emailProfessionel:toto@globaz.ch, username:sce, password:fM8e57Jl, sexe:HOMME, noTelephone:0041798765653, dateNaissance:1978-09-11, employeur:[nom:Globaz S.A., email:info@globaz.ch, url:http://www.globaz.ch, ide:CHE-102.360.639], nss:756.1234.5678.90]]
&lt;200,[{adresse={rue=Eglise, numero=71, complementNumero=, npa=2854, localite=Bassecourt}, prenom=Sébastien, nom=Chèvre, email=seb.chevre@horizon.com, emailProfessionel=toto@globaz.ch, username=sce, password=fM8e57Jl, sexe=HOMME, noTelephone=0041798765653, dateNaissance=1978-09-11, employeur={nom=Globaz S.A., email=info@globaz.ch, url=http://www.globaz.ch, ide=CHE-102.360.639}, nss=756.1234.5678.90}],{Content-Type=[application/json;charset=UTF-8], Transfer-Encoding=[chunked], Date=[Thu, 16 Aug 2018 08:10:08 GMT]}&gt;

	at ch.globaz.tmmas.rechercheservice.application.PersonnesControllerTest.should find indexed document with fuzzy(PersonnesControllerTest.groovy:54)
Caused by: java.lang.NullPointerException: Cannot get property &apos;adresse&apos; on null object
	... 1 more
</failure>
    <system-out>2018-08-16 10:10:08.901  INFO 12972 --- [/O dispatcher 1] c.g.t.r.i.ElasticSearchClient            : {&quot;adresse&quot;:{&quot;rue&quot;:&quot;Eglise&quot;,&quot;numero&quot;:&quot;71&quot;,&quot;complementNumero&quot;:&quot;&quot;,&quot;npa&quot;:&quot;2854&quot;,&quot;localite&quot;:&quot;Bassecourt&quot;},&quot;prenom&quot;:&quot;S�bastien&quot;,&quot;nom&quot;:&quot;Ch�vre&quot;,&quot;email&quot;:&quot;seb.chevre@horizon.com&quot;,&quot;emailProfessionel&quot;:&quot;toto@globaz.ch&quot;,&quot;username&quot;:&quot;sce&quot;,&quot;password&quot;:&quot;fM8e57Jl&quot;,&quot;sexe&quot;:&quot;HOMME&quot;,&quot;noTelephone&quot;:&quot;0041798765653&quot;,&quot;dateNaissance&quot;:&quot;1978-09-11&quot;,&quot;employeur&quot;:{&quot;nom&quot;:&quot;Globaz S.A.&quot;,&quot;email&quot;:&quot;info@globaz.ch&quot;,&quot;url&quot;:&quot;http://www.globaz.ch&quot;,&quot;ide&quot;:&quot;CHE-102.360.639&quot;},&quot;nss&quot;:&quot;756.1234.5678.90&quot;}
[[adresse:[rue:Eglise, numero:71, complementNumero:, npa:2854, localite:Bassecourt], prenom:S�bastien, nom:Ch�vre, email:seb.chevre@horizon.com, emailProfessionel:toto@globaz.ch, username:sce, password:fM8e57Jl, sexe:HOMME, noTelephone:0041798765653, dateNaissance:1978-09-11, employeur:[nom:Globaz S.A., email:info@globaz.ch, url:http://www.globaz.ch, ide:CHE-102.360.639], nss:756.1234.5678.90]]</system-out>
  </testcase>
</testsuite>